#
# There is insufficient memory for the Java Runtime Environment to continue.
# Native memory allocation (mmap) failed to map 71303168 bytes for G1 virtual space
# Possible reasons:
#   The system is out of physical RAM or swap space
#   The process is running with CompressedOops enabled, and the Java Heap may be blocking the growth of the native heap
# Possible solutions:
#   Reduce memory load on the system
#   Increase physical memory or swap space
#   Check if swap backing store is full
#   Decrease Java heap size (-Xmx/-Xms)
#   Decrease number of Java threads
#   Decrease Java thread stack sizes (-Xss)
#   Set larger code cache with -XX:ReservedCodeCacheSize=
#   JVM is running with Zero Based Compressed Oops mode in which the Java heap is
#     placed in the first 32GB address space. The Java Heap base address is the
#     maximum limit for the native heap growth. Please use -XX:HeapBaseMinAddress
#     to set the Java Heap base and to place the Java Heap above 32GB virtual address.
# This output file may be truncated or incomplete.
#
#  Out of Memory Error (os_windows.cpp:3541), pid=19220, tid=2964
#
# JRE version: Java(TM) SE Runtime Environment (17.0.5+9) (build 17.0.5+9-LTS-191)
# Java VM: Java HotSpot(TM) 64-Bit Server VM (17.0.5+9-LTS-191, mixed mode, emulated-client, sharing, tiered, compressed oops, compressed class ptrs, g1 gc, windows-amd64)
# No core dump will be written. Minidumps are not enabled by default on client versions of Windows
#

---------------  S U M M A R Y ------------

Command Line: -XX:TieredStopAtLevel=1 -Dspring.output.ansi.enabled=always -Dcom.sun.management.jmxremote -Dspring.jmx.enabled=true -Dspring.liveBeansView.mbeanDomain -Dspring.application.admin.enabled=true -javaagent:C:\Program Files\JetBrains\IntelliJ IDEA 2022.2.1\lib\idea_rt.jar=53980:C:\Program Files\JetBrains\IntelliJ IDEA 2022.2.1\bin -Dfile.encoding=UTF-8 com.example.demo.Demo11Application

Host: 11th Gen Intel(R) Core(TM) i5-11400H @ 2.70GHz, 12 cores, 15G,  Windows 10 , 64 bit Build 19041 (10.0.19041.2913)
Time: Tue May 30 23:35:16 2023  Windows 10 , 64 bit Build 19041 (10.0.19041.2913) elapsed time: 72.681803 seconds (0d 0h 1m 12s)

---------------  T H R E A D  ---------------

Current thread (0x00000204b2eecc40):  VMThread "VM Thread" [stack: 0x0000006750500000,0x0000006750600000] [id=2964]

Stack: [0x0000006750500000,0x0000006750600000]
Native frames: (J=compiled Java code, j=interpreted, Vv=VM code, C=native code)
V  [jvm.dll+0x672eea]
V  [jvm.dll+0x7d2a04]
V  [jvm.dll+0x7d41ae]
V  [jvm.dll+0x7d4813]
V  [jvm.dll+0x242c15]
V  [jvm.dll+0x66fe09]
V  [jvm.dll+0x664682]
V  [jvm.dll+0x300e8b]
V  [jvm.dll+0x308426]
V  [jvm.dll+0x357ffe]
V  [jvm.dll+0x35822f]
V  [jvm.dll+0x2d80a8]
V  [jvm.dll+0x2d6374]
V  [jvm.dll+0x2d597c]
V  [jvm.dll+0x3193eb]
V  [jvm.dll+0x7d8ceb]
V  [jvm.dll+0x7d9a24]
V  [jvm.dll+0x7d9f3c]
V  [jvm.dll+0x7da314]
V  [jvm.dll+0x7da3e0]
V  [jvm.dll+0x782b4a]
V  [jvm.dll+0x671d75]
C  [ucrtbase.dll+0x21bb2]
C  [KERNEL32.DLL+0x17614]
C  [ntdll.dll+0x526a1]

VM_Operation (0x0000006753bfa5b0): G1CollectForAllocation, mode: safepoint, requested by thread 0x00000204b5e71070


---------------  P R O C E S S  ---------------

Threads class SMR info:
_java_thread_list=0x00000204b38f3fb0, length=44, elements={
0x00000204b2ef15f0, 0x00000204b2ef20b0, 0x00000204b2f1d7a0, 0x00000204b2f1e260,
0x00000204b2f07340, 0x00000204b2f09c10, 0x00000204b2f124e0, 0x00000204b2f162e0,
0x00000204b2ede200, 0x00000204b3bdb880, 0x00000204b3bdbd50, 0x00000204b4071f20,
0x00000204b58cda90, 0x00000204b58a13a0, 0x00000204b59b5fd0, 0x00000204b59b64a0,
0x00000204b59c95d0, 0x00000204b59ae560, 0x00000204b5be1040, 0x00000204b5c24210,
0x00000204b5c23870, 0x00000204b5c25a20, 0x00000204b5c22530, 0x00000204b5c233a0,
0x00000204b5c22ed0, 0x00000204b5c23d40, 0x00000204b5c24bb0, 0x00000204b5c25080,
0x00000204b5c25550, 0x00000204b5c22060, 0x00000204b5e71a10, 0x00000204b5e71540,
0x00000204b5e73220, 0x00000204b5e74a30, 0x00000204b5e74090, 0x00000204b5e71070,
0x00000204b5e72d50, 0x00000204b5e736f0, 0x00000204b5e71ee0, 0x00000204b5e73bc0,
0x00000204b5e74560, 0x00000204b5e723b0, 0x00000204b5e72880, 0x00000204b60ebc70
}

Java Threads: ( => current thread )
  0x00000204b2ef15f0 JavaThread "Reference Handler" daemon [_thread_blocked, id=15324, stack(0x0000006750600000,0x0000006750700000)]
  0x00000204b2ef20b0 JavaThread "Finalizer" daemon [_thread_blocked, id=8768, stack(0x0000006750700000,0x0000006750800000)]
  0x00000204b2f1d7a0 JavaThread "Signal Dispatcher" daemon [_thread_blocked, id=18124, stack(0x0000006750800000,0x0000006750900000)]
  0x00000204b2f1e260 JavaThread "Attach Listener" daemon [_thread_blocked, id=16636, stack(0x0000006750900000,0x0000006750a00000)]
  0x00000204b2f07340 JavaThread "Service Thread" daemon [_thread_blocked, id=11764, stack(0x0000006750a00000,0x0000006750b00000)]
  0x00000204b2f09c10 JavaThread "Monitor Deflation Thread" daemon [_thread_blocked, id=5980, stack(0x0000006750b00000,0x0000006750c00000)]
  0x00000204b2f124e0 JavaThread "C1 CompilerThread0" daemon [_thread_blocked, id=15804, stack(0x0000006750c00000,0x0000006750d00000)]
  0x00000204b2f162e0 JavaThread "Sweeper thread" daemon [_thread_blocked, id=17160, stack(0x0000006750d00000,0x0000006750e00000)]
  0x00000204b2ede200 JavaThread "Common-Cleaner" daemon [_thread_blocked, id=15872, stack(0x0000006750e00000,0x0000006750f00000)]
  0x00000204b3bdb880 JavaThread "Monitor Ctrl-Break" daemon [_thread_in_native, id=9964, stack(0x0000006751100000,0x0000006751200000)]
  0x00000204b3bdbd50 JavaThread "Notification Thread" daemon [_thread_blocked, id=3488, stack(0x0000006751200000,0x0000006751300000)]
  0x00000204b4071f20 JavaThread "RMI TCP Accept-0" daemon [_thread_in_native, id=18696, stack(0x0000006751300000,0x0000006751400000)]
  0x00000204b58cda90 JavaThread "RMI TCP Connection(idle)" daemon [_thread_blocked, id=12472, stack(0x0000006752100000,0x0000006752200000)]
  0x00000204b58a13a0 JavaThread "RMI Scheduler(0)" daemon [_thread_blocked, id=16908, stack(0x0000006752200000,0x0000006752300000)]
  0x00000204b59b5fd0 JavaThread "Catalina-utility-1" [_thread_blocked, id=9052, stack(0x0000006752300000,0x0000006752400000)]
  0x00000204b59b64a0 JavaThread "Catalina-utility-2" [_thread_blocked, id=7500, stack(0x0000006752400000,0x0000006752500000)]
  0x00000204b59c95d0 JavaThread "container-0" [_thread_blocked, id=13880, stack(0x0000006752500000,0x0000006752600000)]
  0x00000204b59ae560 JavaThread "mysql-cj-abandoned-connection-cleanup" daemon [_thread_blocked, id=10780, stack(0x0000006752600000,0x0000006752700000)]
  0x00000204b5be1040 JavaThread "HikariPool-1 housekeeper" daemon [_thread_blocked, id=15396, stack(0x0000006752800000,0x0000006752900000)]
  0x00000204b5c24210 JavaThread "ForkJoinPool.commonPool-worker-1" daemon [_thread_blocked, id=5816, stack(0x0000006752900000,0x0000006752a00000)]
  0x00000204b5c23870 JavaThread "ForkJoinPool.commonPool-worker-2" daemon [_thread_blocked, id=2568, stack(0x0000006752a00000,0x0000006752b00000)]
  0x00000204b5c25a20 JavaThread "ForkJoinPool.commonPool-worker-3" daemon [_thread_blocked, id=17776, stack(0x0000006752c00000,0x0000006752d00000)]
  0x00000204b5c22530 JavaThread "ForkJoinPool.commonPool-worker-4" daemon [_thread_blocked, id=12076, stack(0x0000006752d00000,0x0000006752e00000)]
  0x00000204b5c233a0 JavaThread "ForkJoinPool.commonPool-worker-6" daemon [_thread_blocked, id=15068, stack(0x0000006752e00000,0x0000006752f00000)]
  0x00000204b5c22ed0 JavaThread "ForkJoinPool.commonPool-worker-5" daemon [_thread_blocked, id=18256, stack(0x0000006752f00000,0x0000006753000000)]
  0x00000204b5c23d40 JavaThread "ForkJoinPool.commonPool-worker-7" daemon [_thread_blocked, id=1856, stack(0x0000006753000000,0x0000006753100000)]
  0x00000204b5c24bb0 JavaThread "ForkJoinPool.commonPool-worker-9" daemon [_thread_blocked, id=16964, stack(0x0000006753200000,0x0000006753300000)]
  0x00000204b5c25080 JavaThread "ForkJoinPool.commonPool-worker-10" daemon [_thread_blocked, id=19092, stack(0x0000006753300000,0x0000006753400000)]
  0x00000204b5c25550 JavaThread "ForkJoinPool.commonPool-worker-11" daemon [_thread_blocked, id=17164, stack(0x0000006753400000,0x0000006753500000)]
  0x00000204b5c22060 JavaThread "http-nio-8080-exec-1" daemon [_thread_blocked, id=1460, stack(0x0000006753500000,0x0000006753600000)]
  0x00000204b5e71a10 JavaThread "http-nio-8080-exec-2" daemon [_thread_blocked, id=14752, stack(0x0000006753600000,0x0000006753700000)]
  0x00000204b5e71540 JavaThread "http-nio-8080-exec-3" daemon [_thread_blocked, id=15260, stack(0x0000006753700000,0x0000006753800000)]
  0x00000204b5e73220 JavaThread "http-nio-8080-exec-4" daemon [_thread_blocked, id=4000, stack(0x0000006753800000,0x0000006753900000)]
  0x00000204b5e74a30 JavaThread "http-nio-8080-exec-5" daemon [_thread_blocked, id=4340, stack(0x0000006753900000,0x0000006753a00000)]
  0x00000204b5e74090 JavaThread "http-nio-8080-exec-6" daemon [_thread_blocked, id=10868, stack(0x0000006753a00000,0x0000006753b00000)]
  0x00000204b5e71070 JavaThread "http-nio-8080-exec-7" daemon [_thread_blocked, id=5240, stack(0x0000006753b00000,0x0000006753c00000)]
  0x00000204b5e72d50 JavaThread "http-nio-8080-exec-8" daemon [_thread_blocked, id=12368, stack(0x0000006753c00000,0x0000006753d00000)]
  0x00000204b5e736f0 JavaThread "http-nio-8080-exec-9" daemon [_thread_blocked, id=15768, stack(0x0000006753d00000,0x0000006753e00000)]
  0x00000204b5e71ee0 JavaThread "http-nio-8080-exec-10" daemon [_thread_blocked, id=2436, stack(0x0000006753e00000,0x0000006753f00000)]
  0x00000204b5e73bc0 JavaThread "http-nio-8080-Poller" daemon [_thread_in_native, id=16928, stack(0x0000006753f00000,0x0000006754000000)]
  0x00000204b5e74560 JavaThread "http-nio-8080-Acceptor" daemon [_thread_in_native, id=18248, stack(0x0000006754000000,0x0000006754100000)]
  0x00000204b5e723b0 JavaThread "DestroyJavaVM" [_thread_blocked, id=19388, stack(0x000000674ff00000,0x0000006750000000)]
  0x00000204b5e72880 JavaThread "RMI TCP Connection(idle)" daemon [_thread_blocked, id=1592, stack(0x0000006754100000,0x0000006754200000)]
  0x00000204b60ebc70 JavaThread "C1 CompilerThread1" daemon [_thread_blocked, id=14012, stack(0x000000674fc00000,0x000000674fd00000)]

Other Threads:
=>0x00000204b2eecc40 VMThread "VM Thread" [stack: 0x0000006750500000,0x0000006750600000] [id=2964]
  0x00000204b404b8b0 WatcherThread [stack: 0x0000006751400000,0x0000006751500000] [id=16940]
  0x000002049c1d23c0 GCTaskThread "GC Thread#0" [stack: 0x0000006750000000,0x0000006750100000] [id=16780]
  0x00000204b43a6880 GCTaskThread "GC Thread#1" [stack: 0x0000006751600000,0x0000006751700000] [id=2708]
  0x00000204b43a6b30 GCTaskThread "GC Thread#2" [stack: 0x0000006751700000,0x0000006751800000] [id=17964]
  0x00000204b43e8090 GCTaskThread "GC Thread#3" [stack: 0x0000006751800000,0x0000006751900000] [id=17356]
  0x00000204b43e8950 GCTaskThread "GC Thread#4" [stack: 0x0000006751900000,0x0000006751a00000] [id=11960]
  0x00000204b43e8c00 GCTaskThread "GC Thread#5" [stack: 0x0000006751a00000,0x0000006751b00000] [id=7328]
  0x00000204b44118e0 GCTaskThread "GC Thread#6" [stack: 0x0000006751b00000,0x0000006751c00000] [id=16768]
  0x00000204b4411b90 GCTaskThread "GC Thread#7" [stack: 0x0000006751c00000,0x0000006751d00000] [id=4356]
  0x00000204b4412050 GCTaskThread "GC Thread#8" [stack: 0x0000006751d00000,0x0000006751e00000] [id=17856]
  0x00000204b541a3c0 GCTaskThread "GC Thread#9" [stack: 0x0000006751f00000,0x0000006752000000] [id=5960]
  0x000002049c1e3c70 ConcurrentGCThread "G1 Main Marker" [stack: 0x0000006750100000,0x0000006750200000] [id=15896]
  0x000002049c1e4590 ConcurrentGCThread "G1 Conc#0" [stack: 0x0000006750200000,0x0000006750300000] [id=10144]
  0x00000204b57a0920 ConcurrentGCThread "G1 Conc#1" [stack: 0x0000006751e00000,0x0000006751f00000] [id=8128]
  0x00000204b57ad4b0 ConcurrentGCThread "G1 Conc#2" [stack: 0x0000006752000000,0x0000006752100000] [id=7856]
  0x000002049c23e210 ConcurrentGCThread "G1 Refine#0" [stack: 0x0000006750300000,0x0000006750400000] [id=9876]
  0x000002049c23eb40 ConcurrentGCThread "G1 Service" [stack: 0x0000006750400000,0x0000006750500000] [id=17208]

Threads with active compile tasks:

VM state: at safepoint (normal execution)

VM Mutex/Monitor currently owned by a thread:  ([mutex/lock_event])
[0x000002049c1626b0] Threads_lock - owner thread: 0x00000204b2eecc40
[0x000002049c163550] Heap_lock - owner thread: 0x00000204b5e71070

Heap address: 0x0000000705a00000, size: 4006 MB, Compressed Oops mode: Zero based, Oop shift amount: 3

CDS archive(s) mapped at: [0x0000000800000000-0x0000000800bd0000-0x0000000800bd0000), size 12386304, SharedBaseAddress: 0x0000000800000000, ArchiveRelocationMode: 0.
Compressed class space mapped at: 0x0000000800c00000-0x0000000840c00000, reserved size: 1073741824
Narrow klass base: 0x0000000800000000, Narrow klass shift: 0, Narrow klass range: 0x100000000

GC Precious Log:
 CPUs: 12 total, 12 available
 Memory: 16021M
 Large Page Support: Disabled
 NUMA Support: Disabled
 Compressed Oops: Enabled (Zero based)
 Heap Region Size: 2M
 Heap Min Capacity: 8M
 Heap Initial Capacity: 252M
 Heap Max Capacity: 4006M
 Pre-touch: Disabled
 Parallel Workers: 10
 Concurrent Workers: 3
 Concurrent Refinement Workers: 10
 Periodic GC: Disabled

Heap:
 garbage-first heap   total 69632K, used 21119K [0x0000000705a00000, 0x0000000800000000)
  region size 2048K, 1 young (2048K), 1 survivors (2048K)
 Metaspace       used 43430K, committed 43840K, reserved 1089536K
  class space    used 5712K, committed 5888K, reserved 1048576K

Heap Regions: E=young(eden), S=young(survivor), O=old, HS=humongous(starts), HC=humongous(continues), CS=collection set, F=free, OA=open archive, CA=closed archive, TAMS=top-at-mark-start (previous, next)
|   0|0x0000000705a00000, 0x0000000705c00000, 0x0000000705c00000|100%| O|  |TAMS 0x0000000705c00000, 0x0000000705a00000| Untracked 
|   1|0x0000000705c00000, 0x0000000705e00000, 0x0000000705e00000|100%| O|  |TAMS 0x0000000705e00000, 0x0000000705c00000| Untracked 
|   2|0x0000000705e00000, 0x0000000706000000, 0x0000000706000000|100%| O|  |TAMS 0x0000000706000000, 0x0000000705e00000| Untracked 
|   3|0x0000000706000000, 0x0000000706200000, 0x0000000706200000|100%| O|  |TAMS 0x0000000706200000, 0x0000000706000000| Untracked 
|   4|0x0000000706200000, 0x0000000706400000, 0x0000000706400000|100%| O|  |TAMS 0x0000000706400000, 0x0000000706200000| Untracked 
|   5|0x0000000706400000, 0x00000007064bc000, 0x0000000706600000| 36%| O|  |TAMS 0x0000000706400000, 0x0000000706400000| Untracked 
|   6|0x0000000706600000, 0x0000000706600000, 0x0000000706800000|  0%| F|  |TAMS 0x0000000706600000, 0x0000000706600000| Untracked 
|   7|0x0000000706800000, 0x0000000706800000, 0x0000000706a00000|  0%| F|  |TAMS 0x0000000706800000, 0x0000000706800000| Untracked 
|   8|0x0000000706a00000, 0x0000000706c00000, 0x0000000706c00000|100%| O|  |TAMS 0x0000000706c00000, 0x0000000706a00000| Untracked 
|   9|0x0000000706c00000, 0x0000000706e00000, 0x0000000706e00000|100%| O|  |TAMS 0x0000000706e00000, 0x0000000706c00000| Untracked 
|  10|0x0000000706e00000, 0x0000000707000000, 0x0000000707000000|100%| O|  |TAMS 0x0000000707000000, 0x0000000706e00000| Untracked 
|  11|0x0000000707000000, 0x0000000707000000, 0x0000000707200000|  0%| F|  |TAMS 0x0000000707000000, 0x0000000707000000| Untracked 
|  12|0x0000000707200000, 0x0000000707400000, 0x0000000707400000|100%| O|  |TAMS 0x0000000707256400, 0x0000000707200000| Untracked 
|  13|0x0000000707400000, 0x0000000707400000, 0x0000000707600000|  0%| F|  |TAMS 0x0000000707400000, 0x0000000707400000| Untracked 
|  14|0x0000000707600000, 0x0000000707600000, 0x0000000707800000|  0%| F|  |TAMS 0x0000000707600000, 0x0000000707600000| Untracked 
|  15|0x0000000707800000, 0x0000000707800000, 0x0000000707a00000|  0%| F|  |TAMS 0x0000000707800000, 0x0000000707800000| Untracked 
|  16|0x0000000707a00000, 0x0000000707a00000, 0x0000000707c00000|  0%| F|  |TAMS 0x0000000707a00000, 0x0000000707a00000| Untracked 
|  17|0x0000000707c00000, 0x0000000707c00000, 0x0000000707e00000|  0%| F|  |TAMS 0x0000000707c00000, 0x0000000707c00000| Untracked 
|  18|0x0000000707e00000, 0x0000000707e00000, 0x0000000708000000|  0%| F|  |TAMS 0x0000000707e00000, 0x0000000707e00000| Untracked 
|  19|0x0000000708000000, 0x00000007081e3c40, 0x0000000708200000| 94%| S|CS|TAMS 0x0000000708000000, 0x0000000708000000| Complete 
|  20|0x0000000708200000, 0x0000000708200000, 0x0000000708400000|  0%| F|  |TAMS 0x0000000708200000, 0x0000000708200000| Untracked 
|  21|0x0000000708400000, 0x0000000708400000, 0x0000000708600000|  0%| F|  |TAMS 0x0000000708400000, 0x0000000708400000| Untracked 
|  22|0x0000000708600000, 0x0000000708600000, 0x0000000708800000|  0%| F|  |TAMS 0x0000000708600000, 0x0000000708600000| Untracked 
|  23|0x0000000708800000, 0x0000000708800000, 0x0000000708a00000|  0%| F|  |TAMS 0x0000000708800000, 0x0000000708800000| Untracked 
|  24|0x0000000708a00000, 0x0000000708a00000, 0x0000000708c00000|  0%| F|  |TAMS 0x0000000708a00000, 0x0000000708a00000| Untracked 
|  25|0x0000000708c00000, 0x0000000708c00000, 0x0000000708e00000|  0%| F|  |TAMS 0x0000000708c00000, 0x0000000708c00000| Untracked 
|  26|0x0000000708e00000, 0x0000000708e00000, 0x0000000709000000|  0%| F|  |TAMS 0x0000000708e00000, 0x0000000708e00000| Untracked 
|  27|0x0000000709000000, 0x0000000709000000, 0x0000000709200000|  0%| F|  |TAMS 0x0000000709000000, 0x0000000709000000| Untracked 
|  28|0x0000000709200000, 0x0000000709200000, 0x0000000709400000|  0%| F|  |TAMS 0x0000000709200000, 0x0000000709200000| Untracked 
|  29|0x0000000709400000, 0x0000000709400000, 0x0000000709600000|  0%| F|  |TAMS 0x0000000709400000, 0x0000000709400000| Untracked 
|  30|0x0000000709600000, 0x0000000709600000, 0x0000000709800000|  0%| F|  |TAMS 0x0000000709600000, 0x0000000709600000| Untracked 
|  68|0x000000070e200000, 0x000000070e200000, 0x000000070e400000|  0%| F|  |TAMS 0x000000070e200000, 0x000000070e200000| Untracked 
|  69|0x000000070e400000, 0x000000070e400000, 0x000000070e600000|  0%| F|  |TAMS 0x000000070e400000, 0x000000070e400000| Untracked 
| 125|0x0000000715400000, 0x0000000715400000, 0x0000000715600000|  0%| F|  |TAMS 0x0000000715400000, 0x0000000715400000| Untracked 

Card table byte_map: [0x00000204a74f0000,0x00000204a7cd0000] _byte_map_base: 0x00000204a3cc3000

Marking Bits (Prev, Next): (CMBitMap*) 0x000002049c1d3930, (CMBitMap*) 0x000002049c1d38f0
 Prev Bits: [0x00000204ac350000, 0x00000204b01e8000)
 Next Bits: [0x00000204a84b0000, 0x00000204ac348000)

Polling page: 0x000002049a0f0000

Metaspace:

Usage:
  Non-class:     36.83 MB used.
      Class:      5.58 MB used.
       Both:     42.41 MB used.

Virtual space:
  Non-class space:       40.00 MB reserved,      37.06 MB ( 93%) committed,  5 nodes.
      Class space:        1.00 GB reserved,       5.75 MB ( <1%) committed,  1 nodes.
             Both:        1.04 GB reserved,      42.81 MB (  4%) committed. 

Chunk freelists:
   Non-Class:  2.18 MB
       Class:  2.08 MB
        Both:  4.26 MB

MaxMetaspaceSize: unlimited
CompressedClassSpaceSize: 1.00 GB
Initial GC threshold: 21.00 MB
Current GC threshold: 64.81 MB
CDS: on
MetaspaceReclaimPolicy: balanced
 - commit_granule_bytes: 65536.
 - commit_granule_words: 8192.
 - virtual_space_node_default_size: 1048576.
 - enlarge_chunks_in_place: 1.
 - new_chunks_are_fully_committed: 0.
 - uncommit_free_chunks: 1.
 - use_allocation_guard: 0.
 - handle_deallocations: 1.


Internal statistics:

num_allocs_failed_limit: 9.
num_arena_births: 560.
num_arena_deaths: 0.
num_vsnodes_births: 6.
num_vsnodes_deaths: 0.
num_space_committed: 685.
num_space_uncommitted: 0.
num_chunks_returned_to_freelist: 9.
num_chunks_taken_from_freelist: 1971.
num_chunk_merges: 3.
num_chunk_splits: 1320.
num_chunks_enlarged: 946.
num_purges: 0.
num_inconsistent_stats: 0.

CodeCache: size=49152Kb used=10871Kb max_used=11852Kb free=38280Kb
 bounds [0x00000204a39e0000, 0x00000204a4580000, 0x00000204a69e0000]
 total_blobs=6184 nmethods=5582 adapters=528
 compilation: enabled
              stopped_count=0, restarted_count=0
 full_count=0

Compilation events (20 events):
Event: 72.667 Thread 0x00000204b2f124e0 5573       1       org.apache.coyote.http11.Http11InputBuffer::parseHeader (1001 bytes)
Event: 72.668 Thread 0x00000204b60ebc70 5574       1       org.apache.tomcat.util.buf.MessageBytes::toString (79 bytes)
Event: 72.668 Thread 0x00000204b60ebc70 nmethod 5574 0x00000204a3b6f790 code [0x00000204a3b6f940, 0x00000204a3b6fc38]
Event: 72.668 Thread 0x00000204b60ebc70 5575       1       org.apache.catalina.connector.OutputBuffer::transfer (41 bytes)
Event: 72.668 Thread 0x00000204b60ebc70 nmethod 5575 0x00000204a3b6f210 code [0x00000204a3b6f3e0, 0x00000204a3b6f618]
Event: 72.668 Thread 0x00000204b60ebc70 5576       1       org.apache.catalina.connector.OutputBuffer::toWriteMode (20 bytes)
Event: 72.668 Thread 0x00000204b60ebc70 nmethod 5576 0x00000204a3b6ee10 code [0x00000204a3b6efc0, 0x00000204a3b6f108]
Event: 72.668 Thread 0x00000204b60ebc70 5577       1       java.nio.ByteBuffer::mark (5 bytes)
Event: 72.668 Thread 0x00000204b60ebc70 nmethod 5577 0x00000204a3b6eb10 code [0x00000204a3b6eca0, 0x00000204a3b6ed88]
Event: 72.668 Thread 0x00000204b60ebc70 5579       1       java.nio.ByteBuffer::reset (5 bytes)
Event: 72.668 Thread 0x00000204b60ebc70 nmethod 5579 0x00000204a3b6e810 code [0x00000204a3b6e9a0, 0x00000204a3b6ea88]
Event: 72.668 Thread 0x00000204b60ebc70 5578       1       org.apache.catalina.connector.OutputBuffer::toReadMode (13 bytes)
Event: 72.668 Thread 0x00000204b60ebc70 nmethod 5578 0x00000204a3b6e490 code [0x00000204a3b6e640, 0x00000204a3b6e758]
Event: 72.668 Thread 0x00000204b60ebc70 5581       1       org.apache.catalina.connector.Request::getContext (8 bytes)
Event: 72.668 Thread 0x00000204b60ebc70 nmethod 5581 0x00000204a3b6e190 code [0x00000204a3b6e320, 0x00000204a3b6e3f8]
Event: 72.668 Thread 0x00000204b60ebc70 5580       1       org.apache.catalina.valves.ValveBase::getNext (5 bytes)
Event: 72.669 Thread 0x00000204b2f124e0 nmethod 5573 0x00000204a3b6bd90 code [0x00000204a3b6c1c0, 0x00000204a3b6d688]
Event: 72.669 Thread 0x00000204b60ebc70 nmethod 5580 0x00000204a3b6ba90 code [0x00000204a3b6bc20, 0x00000204a3b6bcf8]
Event: 72.669 Thread 0x00000204b2f124e0 5582       1       org.apache.ibatis.ognl.internal.ClassCacheImpl::get (54 bytes)
Event: 72.669 Thread 0x00000204b2f124e0 nmethod 5582 0x00000204a3b6b610 code [0x00000204a3b6b7c0, 0x00000204a3b6b968]

GC Heap History (20 events):
Event: 0.442 GC heap after
{Heap after GC invocations=1 (full 0):
 garbage-first heap   total 258048K, used 5663K [0x0000000705a00000, 0x0000000800000000)
  region size 2048K, 2 young (4096K), 2 survivors (4096K)
 Metaspace       used 7658K, committed 7872K, reserved 1056768K
  class space    used 966K, committed 1088K, reserved 1048576K
}
Event: 0.673 GC heap before
{Heap before GC invocations=1 (full 0):
 garbage-first heap   total 258048K, used 30239K [0x0000000705a00000, 0x0000000800000000)
  region size 2048K, 15 young (30720K), 2 survivors (4096K)
 Metaspace       used 14025K, committed 14272K, reserved 1064960K
  class space    used 1846K, committed 1920K, reserved 1048576K
}
Event: 0.676 GC heap after
{Heap after GC invocations=2 (full 0):
 garbage-first heap   total 258048K, used 7410K [0x0000000705a00000, 0x0000000800000000)
  region size 2048K, 1 young (2048K), 1 survivors (2048K)
 Metaspace       used 14025K, committed 14272K, reserved 1064960K
  class space    used 1846K, committed 1920K, reserved 1048576K
}
Event: 1.099 GC heap before
{Heap before GC invocations=2 (full 0):
 garbage-first heap   total 258048K, used 58610K [0x0000000705a00000, 0x0000000800000000)
  region size 2048K, 27 young (55296K), 1 survivors (2048K)
 Metaspace       used 21263K, committed 21504K, reserved 1073152K
  class space    used 2886K, committed 3008K, reserved 1048576K
}
Event: 1.102 GC heap after
{Heap after GC invocations=3 (full 0):
 garbage-first heap   total 258048K, used 10660K [0x0000000705a00000, 0x0000000800000000)
  region size 2048K, 3 young (6144K), 3 survivors (6144K)
 Metaspace       used 21263K, committed 21504K, reserved 1073152K
  class space    used 2886K, committed 3008K, reserved 1048576K
}
Event: 1.308 GC heap before
{Heap before GC invocations=4 (full 0):
 garbage-first heap   total 49152K, used 35236K [0x0000000705a00000, 0x0000000800000000)
  region size 2048K, 16 young (32768K), 3 survivors (6144K)
 Metaspace       used 25323K, committed 25600K, reserved 1073152K
  class space    used 3438K, committed 3584K, reserved 1048576K
}
Event: 1.312 GC heap after
{Heap after GC invocations=5 (full 0):
 garbage-first heap   total 49152K, used 13085K [0x0000000705a00000, 0x0000000800000000)
  region size 2048K, 4 young (8192K), 4 survivors (8192K)
 Metaspace       used 25323K, committed 25600K, reserved 1073152K
  class space    used 3438K, committed 3584K, reserved 1048576K
}
Event: 1.333 GC heap before
{Heap before GC invocations=5 (full 0):
 garbage-first heap   total 49152K, used 15133K [0x0000000705a00000, 0x0000000800000000)
  region size 2048K, 5 young (10240K), 4 survivors (8192K)
 Metaspace       used 25651K, committed 25920K, reserved 1073152K
  class space    used 3491K, committed 3648K, reserved 1048576K
}
Event: 1.338 GC heap after
{Heap after GC invocations=6 (full 0):
 garbage-first heap   total 49152K, used 13934K [0x0000000705a00000, 0x0000000800000000)
  region size 2048K, 1 young (2048K), 1 survivors (2048K)
 Metaspace       used 25651K, committed 25920K, reserved 1073152K
  class space    used 3491K, committed 3648K, reserved 1048576K
}
Event: 1.484 GC heap before
{Heap before GC invocations=6 (full 0):
 garbage-first heap   total 49152K, used 30318K [0x0000000705a00000, 0x0000000800000000)
  region size 2048K, 9 young (18432K), 1 survivors (2048K)
 Metaspace       used 29210K, committed 29568K, reserved 1081344K
  class space    used 3937K, committed 4096K, reserved 1048576K
}
Event: 1.485 GC heap after
{Heap after GC invocations=7 (full 0):
 garbage-first heap   total 153600K, used 14732K [0x0000000705a00000, 0x0000000800000000)
  region size 2048K, 1 young (2048K), 1 survivors (2048K)
 Metaspace       used 29210K, committed 29568K, reserved 1081344K
  class space    used 3937K, committed 4096K, reserved 1048576K
}
Event: 1.635 GC heap before
{Heap before GC invocations=7 (full 0):
 garbage-first heap   total 153600K, used 22924K [0x0000000705a00000, 0x0000000800000000)
  region size 2048K, 6 young (12288K), 1 survivors (2048K)
 Metaspace       used 35706K, committed 35968K, reserved 1081344K
  class space    used 4730K, committed 4864K, reserved 1048576K
}
Event: 1.637 GC heap after
{Heap after GC invocations=8 (full 0):
 garbage-first heap   total 153600K, used 15787K [0x0000000705a00000, 0x0000000800000000)
  region size 2048K, 2 young (4096K), 2 survivors (4096K)
 Metaspace       used 35706K, committed 35968K, reserved 1081344K
  class space    used 4730K, committed 4864K, reserved 1048576K
}
Event: 1.768 GC heap before
{Heap before GC invocations=9 (full 0):
 garbage-first heap   total 69632K, used 54699K [0x0000000705a00000, 0x0000000800000000)
  region size 2048K, 22 young (45056K), 2 survivors (4096K)
 Metaspace       used 36888K, committed 37248K, reserved 1081344K
  class space    used 4877K, committed 5056K, reserved 1048576K
}
Event: 1.770 GC heap after
{Heap after GC invocations=10 (full 0):
 garbage-first heap   total 69632K, used 16962K [0x0000000705a00000, 0x0000000800000000)
  region size 2048K, 3 young (6144K), 3 survivors (6144K)
 Metaspace       used 36888K, committed 37248K, reserved 1081344K
  class space    used 4877K, committed 5056K, reserved 1048576K
}
Event: 1.774 GC heap before
{Heap before GC invocations=10 (full 0):
 garbage-first heap   total 69632K, used 19010K [0x0000000705a00000, 0x0000000800000000)
  region size 2048K, 4 young (8192K), 3 survivors (6144K)
 Metaspace       used 36898K, committed 37248K, reserved 1081344K
  class space    used 4878K, committed 5056K, reserved 1048576K
}
Event: 1.776 GC heap after
{Heap after GC invocations=11 (full 0):
 garbage-first heap   total 69632K, used 17426K [0x0000000705a00000, 0x0000000800000000)
  region size 2048K, 1 young (2048K), 1 survivors (2048K)
 Metaspace       used 36898K, committed 37248K, reserved 1081344K
  class space    used 4878K, committed 5056K, reserved 1048576K
}
Event: 1.982 GC heap before
{Heap before GC invocations=11 (full 0):
 garbage-first heap   total 69632K, used 48146K [0x0000000705a00000, 0x0000000800000000)
  region size 2048K, 16 young (32768K), 1 survivors (2048K)
 Metaspace       used 39276K, committed 39616K, reserved 1089536K
  class space    used 5212K, committed 5376K, reserved 1048576K
}
Event: 1.985 GC heap after
{Heap after GC invocations=12 (full 0):
 garbage-first heap   total 69632K, used 19435K [0x0000000705a00000, 0x0000000800000000)
  region size 2048K, 2 young (4096K), 2 survivors (4096K)
 Metaspace       used 39276K, committed 39616K, reserved 1089536K
  class space    used 5212K, committed 5376K, reserved 1048576K
}
Event: 72.676 GC heap before
{Heap before GC invocations=13 (full 0):
 garbage-first heap   total 69632K, used 46059K [0x0000000705a00000, 0x0000000800000000)
  region size 2048K, 16 young (32768K), 2 survivors (4096K)
 Metaspace       used 43430K, committed 43840K, reserved 1089536K
  class space    used 5712K, committed 5888K, reserved 1048576K
}

Deoptimization events (16 events):
Event: 0.663 Thread 0x000002049c166ea0 DEOPT PACKING pc=0x00000204a3f656f9 sp=0x000000674fffd4d0
Event: 0.663 Thread 0x000002049c166ea0 DEOPT UNPACKING pc=0x00000204a3a366e3 sp=0x000000674fffc9b0 mode 3
Event: 1.333 Thread 0x000002049c166ea0 DEOPT PACKING pc=0x00000204a41b7f25 sp=0x000000674fffc5e0
Event: 1.333 Thread 0x000002049c166ea0 DEOPT UNPACKING pc=0x00000204a3a366e3 sp=0x000000674fffbb48 mode 3
Event: 1.347 Thread 0x000002049c166ea0 DEOPT PACKING pc=0x00000204a3f88309 sp=0x000000674fffe9e0
Event: 1.347 Thread 0x000002049c166ea0 DEOPT UNPACKING pc=0x00000204a3a366e3 sp=0x000000674fffde70 mode 3
Event: 1.347 Thread 0x00000204b59b64a0 DEOPT PACKING pc=0x00000204a3f4999f sp=0x00000067524fecd0
Event: 1.347 Thread 0x00000204b59b64a0 DEOPT UNPACKING pc=0x00000204a3a366e3 sp=0x00000067524fe128 mode 3
Event: 1.694 Thread 0x000002049c166ea0 DEOPT PACKING pc=0x00000204a4203279 sp=0x000000674fffce30
Event: 1.694 Thread 0x000002049c166ea0 DEOPT UNPACKING pc=0x00000204a3a366e3 sp=0x000000674fffc310 mode 3
Event: 1.819 Thread 0x000002049c166ea0 DEOPT PACKING pc=0x00000204a3f856e2 sp=0x000000674fffdfb0
Event: 1.819 Thread 0x000002049c166ea0 DEOPT UNPACKING pc=0x00000204a3a366e3 sp=0x000000674fffd4b8 mode 3
Event: 1.923 Thread 0x000002049c166ea0 DEOPT PACKING pc=0x00000204a3f698e5 sp=0x000000674fffdf70
Event: 1.923 Thread 0x000002049c166ea0 DEOPT UNPACKING pc=0x00000204a3a366e3 sp=0x000000674fffd4b8 mode 3
Event: 2.900 Thread 0x00000204b5c22060 DEOPT PACKING pc=0x00000204a4548ccb sp=0x00000067535fce50
Event: 2.900 Thread 0x00000204b5c22060 DEOPT UNPACKING pc=0x00000204a3a366e3 sp=0x00000067535fc378 mode 3

Classes unloaded (0 events):
No events

Classes redefined (0 events):
No events

Internal exceptions (20 events):
Event: 1.815 Thread 0x000002049c166ea0 Exception <a 'java/lang/ClassNotFoundException'{0x00000007090dac90}: org/springframework/web/servlet/config/annotation/DelegatingWebMvcConfigurationCustomizer> (0x00000007090dac90) 
thrown [s\open\src\hotspot\share\classfile\systemDictionary.cpp, line 256]
Event: 1.815 Thread 0x000002049c166ea0 Exception <a 'java/lang/ClassNotFoundException'{0x00000007090e3490}: org/springframework/boot/autoconfigure/web/servlet/WebMvcAutoConfiguration$EnableWebMvcConfigurationCustomizer> (0x00000007090e3490) 
thrown [s\open\src\hotspot\share\classfile\systemDictionary.cpp, line 256]
Event: 1.816 Thread 0x000002049c166ea0 Exception <a 'java/lang/ClassNotFoundException'{0x00000007090f5968}: org/springframework/context/ResourceLoaderAwareCustomizer> (0x00000007090f5968) 
thrown [s\open\src\hotspot\share\classfile\systemDictionary.cpp, line 256]
Event: 1.816 Thread 0x000002049c166ea0 Exception <a 'java/lang/ClassNotFoundException'{0x00000007090f9f10}: org/springframework/beans/factory/AwareCustomizer> (0x00000007090f9f10) 
thrown [s\open\src\hotspot\share\classfile\systemDictionary.cpp, line 256]
Event: 1.817 Thread 0x000002049c166ea0 Exception <a 'java/lang/ClassNotFoundException'{0x00000007090fd858}: org/springframework/context/ApplicationContextAwareCustomizer> (0x00000007090fd858) 
thrown [s\open\src\hotspot\share\classfile\systemDictionary.cpp, line 256]
Event: 1.817 Thread 0x000002049c166ea0 Exception <a 'java/lang/ClassNotFoundException'{0x00000007091028f0}: org/springframework/beans/factory/AwareCustomizer> (0x00000007091028f0) 
thrown [s\open\src\hotspot\share\classfile\systemDictionary.cpp, line 256]
Event: 1.817 Thread 0x000002049c166ea0 Exception <a 'java/lang/ClassNotFoundException'{0x0000000709106210}: org/springframework/web/context/ServletContextAwareCustomizer> (0x0000000709106210) 
thrown [s\open\src\hotspot\share\classfile\systemDictionary.cpp, line 256]
Event: 1.817 Thread 0x000002049c166ea0 Exception <a 'java/lang/ClassNotFoundException'{0x000000070910abf0}: org/springframework/beans/factory/AwareCustomizer> (0x000000070910abf0) 
thrown [s\open\src\hotspot\share\classfile\systemDictionary.cpp, line 256]
Event: 1.862 Thread 0x000002049c166ea0 Exception <a 'java/lang/NoSuchMethodError'{0x0000000708a8a550}: 'void java.lang.invoke.DirectMethodHandle$Holder.invokeVirtual(java.lang.Object, java.lang.Object, int)'> (0x0000000708a8a550) 
thrown [s\open\src\hotspot\share\interpreter\linkResolver.cpp, line 759]
Event: 1.863 Thread 0x000002049c166ea0 Exception <a 'java/lang/NoSuchMethodError'{0x0000000708aa50b8}: 'void java.lang.invoke.DirectMethodHandle$Holder.invokeVirtual(java.lang.Object, java.lang.Object, long)'> (0x0000000708aa50b8) 
thrown [s\open\src\hotspot\share\interpreter\linkResolver.cpp, line 759]
Event: 1.918 Thread 0x000002049c166ea0 Exception <a 'java/lang/IncompatibleClassChangeError'{0x000000070844e1c0}: Found class java.lang.Object, but interface was expected> (0x000000070844e1c0) 
thrown [s\open\src\hotspot\share\interpreter\linkResolver.cpp, line 826]
Event: 1.982 Thread 0x000002049c166ea0 Exception <a 'java/lang/NoSuchMethodError'{0x0000000707fef9b0}: 'java.lang.Object java.lang.invoke.DirectMethodHandle$Holder.newInvokeSpecial(java.lang.Object, java.lang.Object, int, java.lang.Object, java.lang.Object)'> (0x0000000707fef9b0) 
thrown [s\open\src\hotspot\share\interpreter\linkResolver.cpp, line 759]
Event: 1.982 Thread 0x000002049c166ea0 Exception <a 'java/lang/NoSuchMethodError'{0x0000000707ffb200}: 'java.lang.Object java.lang.invoke.DirectMethodHandle$Holder.invokeSpecial(java.lang.Object, java.lang.Object, int, java.lang.Object, int, java.lang.Object)'> (0x0000000707ffb200) 
thrown [s\open\src\hotspot\share\interpreter\linkResolver.cpp, line 759]
Event: 1.986 Thread 0x000002049c166ea0 Exception <a 'java/lang/NoSuchMethodError'{0x00000007154030a0}: 'java.lang.Object java.lang.invoke.DirectMethodHandle$Holder.newInvokeSpecial(java.lang.Object, java.lang.Object, int, java.lang.Object, int)'> (0x00000007154030a0) 
thrown [s\open\src\hotspot\share\interpreter\linkResolver.cpp, line 759]
Event: 1.986 Thread 0x000002049c166ea0 Exception <a 'java/lang/NoSuchMethodError'{0x00000007154071a0}: 'java.lang.Object java.lang.invoke.DirectMethodHandle$Holder.invokeSpecial(java.lang.Object, java.lang.Object, java.lang.Object, int, java.lang.Object, int)'> (0x00000007154071a0) 
thrown [s\open\src\hotspot\share\interpreter\linkResolver.cpp, line 759]
Event: 1.987 Thread 0x000002049c166ea0 Exception <a 'java/lang/NoSuchMethodError'{0x00000007154116a8}: 'void java.lang.invoke.DirectMethodHandle$Holder.invokeVirtual(java.lang.Object, java.lang.Object)'> (0x00000007154116a8) 
thrown [s\open\src\hotspot\share\interpreter\linkResolver.cpp, line 759]
Event: 2.566 Thread 0x00000204b5e71070 Exception <a 'java/lang/NoSuchMethodError'{0x00000007096fa498}: 'java.lang.Object java.lang.invoke.DirectMethodHandle$Holder.invokeStatic(java.lang.Object, int, int)'> (0x00000007096fa498) 
thrown [s\open\src\hotspot\share\interpreter\linkResolver.cpp, line 759]
Event: 2.835 Thread 0x00000204b5e71540 Exception <a 'java/lang/ClassNotFoundException'{0x000000070909f880}: java/util/MapBeanInfo> (0x000000070909f880) 
thrown [s\open\src\hotspot\share\classfile\systemDictionary.cpp, line 256]
Event: 2.835 Thread 0x00000204b5e71540 Exception <a 'java/lang/ClassNotFoundException'{0x00000007090a2fc8}: java/util/MapCustomizer> (0x00000007090a2fc8) 
thrown [s\open\src\hotspot\share\classfile\systemDictionary.cpp, line 256]
Event: 2.863 Thread 0x00000204b5c22060 Exception <a 'java/lang/NoSuchMethodError'{0x0000000708c79938}: 'int java.lang.invoke.Invokers$Holder.invokeExact_MT(java.lang.Object, java.lang.Object, java.lang.Object)'> (0x0000000708c79938) 
thrown [s\open\src\hotspot\share\interpreter\linkResolver.cpp, line 759]

VM Operations (20 events):
Event: 1.985 Executing VM operation: G1CollectForAllocation done
Event: 1.995 Executing VM operation: G1Concurrent
Event: 1.998 Executing VM operation: G1Concurrent done
Event: 2.001 Executing VM operation: G1Concurrent
Event: 2.002 Executing VM operation: G1Concurrent done
Event: 2.547 Executing VM operation: HandshakeAllThreads
Event: 2.547 Executing VM operation: HandshakeAllThreads done
Event: 2.560 Executing VM operation: HandshakeAllThreads
Event: 2.560 Executing VM operation: HandshakeAllThreads done
Event: 2.820 Executing VM operation: HandshakeAllThreads
Event: 2.820 Executing VM operation: HandshakeAllThreads done
Event: 2.870 Executing VM operation: HandshakeAllThreads
Event: 2.870 Executing VM operation: HandshakeAllThreads done
Event: 3.876 Executing VM operation: Cleanup
Event: 3.877 Executing VM operation: Cleanup done
Event: 16.008 Executing VM operation: Cleanup
Event: 16.008 Executing VM operation: Cleanup done
Event: 32.169 Executing VM operation: Cleanup
Event: 32.169 Executing VM operation: Cleanup done
Event: 72.676 Executing VM operation: G1CollectForAllocation

Events (20 events):
Event: 2.869 loading class java/util/concurrent/ConcurrentLinkedQueue$Itr
Event: 2.869 loading class java/util/concurrent/ConcurrentLinkedQueue$Itr done
Event: 2.871 loading class java/util/concurrent/CompletionStage
Event: 2.871 loading class java/util/concurrent/CompletionStage done
Event: 2.874 loading class java/util/OptionalLong
Event: 2.874 loading class java/util/OptionalLong done
Event: 2.874 loading class java/util/OptionalDouble
Event: 2.874 loading class java/util/OptionalDouble done
Event: 2.878 loading class java/util/concurrent/atomic/AtomicReferenceArray
Event: 2.878 loading class java/util/concurrent/atomic/AtomicReferenceArray done
Event: 2.885 loading class java/util/stream/LongStream
Event: 2.885 loading class java/util/stream/LongStream done
Event: 2.885 loading class java/util/stream/DoubleStream
Event: 2.885 loading class java/util/stream/DoubleStream done
Event: 7.848 Thread 0x00000204b5c22a00 Thread exited: 0x00000204b5c22a00
Event: 7.926 Thread 0x00000204b42f6c90 Thread exited: 0x00000204b42f6c90
Event: 11.354 Thread 0x00000204b2ede6d0 Thread exited: 0x00000204b2ede6d0
Event: 11.354 Thread 0x00000204b38e02d0 Thread exited: 0x00000204b38e02d0
Event: 61.792 Thread 0x00000204b5c246e0 Thread exited: 0x00000204b5c246e0
Event: 72.652 Thread 0x00000204b60ebc70 Thread added: 0x00000204b60ebc70


Dynamic libraries:
0x00007ff793210000 - 0x00007ff793220000 	C:\Program Files\Java\jdk-17.0.5\bin\java.exe
0x00007ffe621d0000 - 0x00007ffe623c8000 	C:\Windows\SYSTEM32\ntdll.dll
0x00007ffe61cc0000 - 0x00007ffe61d7f000 	C:\Windows\System32\KERNEL32.DLL
0x00007ffe5fb60000 - 0x00007ffe5fe56000 	C:\Windows\System32\KERNELBASE.dll
0x00007ffe60080000 - 0x00007ffe60180000 	C:\Windows\System32\ucrtbase.dll
0x00007ffe574f0000 - 0x00007ffe57508000 	C:\Program Files\Java\jdk-17.0.5\bin\jli.dll
0x00007ffe565f0000 - 0x00007ffe5660a000 	C:\Program Files\Java\jdk-17.0.5\bin\VCRUNTIME140.dll
0x00007ffe602e0000 - 0x00007ffe6038f000 	C:\Windows\System32\ADVAPI32.dll
0x00007ffe607c0000 - 0x00007ffe6085e000 	C:\Windows\System32\msvcrt.dll
0x00007ffe606b0000 - 0x00007ffe6074c000 	C:\Windows\System32\sechost.dll
0x00007ffe60860000 - 0x00007ffe60986000 	C:\Windows\System32\RPCRT4.dll
0x00007ffe61d80000 - 0x00007ffe61f1d000 	C:\Windows\System32\USER32.dll
0x00007ffe41790000 - 0x00007ffe41a2a000 	C:\Windows\WinSxS\amd64_microsoft.windows.common-controls_6595b64144ccf1df_6.0.19041.1110_none_60b5254171f9507e\COMCTL32.dll
0x00007ffe5fb30000 - 0x00007ffe5fb52000 	C:\Windows\System32\win32u.dll
0x00007ffe61c90000 - 0x00007ffe61cbc000 	C:\Windows\System32\GDI32.dll
0x00007ffe5f900000 - 0x00007ffe5fa15000 	C:\Windows\System32\gdi32full.dll
0x00007ffe55360000 - 0x00007ffe5536a000 	C:\Windows\SYSTEM32\VERSION.dll
0x00007ffe5fa20000 - 0x00007ffe5fabd000 	C:\Windows\System32\msvcp_win.dll
0x00007ffe605f0000 - 0x00007ffe60620000 	C:\Windows\System32\IMM32.DLL
0x00007ffe59080000 - 0x00007ffe5908c000 	C:\Program Files\Java\jdk-17.0.5\bin\vcruntime140_1.dll
0x00007ffe3b7b0000 - 0x00007ffe3b83d000 	C:\Program Files\Java\jdk-17.0.5\bin\msvcp140.dll
0x00007ffdf4400000 - 0x00007ffdf4fc2000 	C:\Program Files\Java\jdk-17.0.5\bin\server\jvm.dll
0x00007ffe60c00000 - 0x00007ffe60c08000 	C:\Windows\System32\PSAPI.DLL
0x00007ffe3b2d0000 - 0x00007ffe3b2d9000 	C:\Windows\SYSTEM32\WSOCK32.dll
0x00007ffe4bcf0000 - 0x00007ffe4bd17000 	C:\Windows\SYSTEM32\WINMM.dll
0x00007ffe61f20000 - 0x00007ffe61f8b000 	C:\Windows\System32\WS2_32.dll
0x00007ffe5e0f0000 - 0x00007ffe5e102000 	C:\Windows\SYSTEM32\kernel.appcore.dll
0x00007ffe574c0000 - 0x00007ffe574ca000 	C:\Program Files\Java\jdk-17.0.5\bin\jimage.dll
0x00007ffe5d350000 - 0x00007ffe5d534000 	C:\Windows\SYSTEM32\DBGHELP.DLL
0x00007ffe3da30000 - 0x00007ffe3da64000 	C:\Windows\SYSTEM32\dbgcore.DLL
0x00007ffe5fe60000 - 0x00007ffe5fee2000 	C:\Windows\System32\bcryptPrimitives.dll
0x00007ffe57400000 - 0x00007ffe5740e000 	C:\Program Files\Java\jdk-17.0.5\bin\instrument.dll
0x00007ffe56090000 - 0x00007ffe560b5000 	C:\Program Files\Java\jdk-17.0.5\bin\java.dll
0x00007ffe372f0000 - 0x00007ffe373c6000 	C:\Program Files\Java\jdk-17.0.5\bin\jsvml.dll
0x00007ffe61540000 - 0x00007ffe61c84000 	C:\Windows\System32\SHELL32.dll
0x00007ffe5d940000 - 0x00007ffe5e0d3000 	C:\Windows\SYSTEM32\windows.storage.dll
0x00007ffe60c90000 - 0x00007ffe60fe4000 	C:\Windows\System32\combase.dll
0x00007ffe5f310000 - 0x00007ffe5f33e000 	C:\Windows\SYSTEM32\Wldp.dll
0x00007ffe60230000 - 0x00007ffe602dd000 	C:\Windows\System32\SHCORE.dll
0x00007ffe60990000 - 0x00007ffe609e5000 	C:\Windows\System32\shlwapi.dll
0x00007ffe5f7f0000 - 0x00007ffe5f80f000 	C:\Windows\SYSTEM32\profapi.dll
0x00007ffe3f700000 - 0x00007ffe3f718000 	C:\Program Files\Java\jdk-17.0.5\bin\zip.dll
0x00007ffe53860000 - 0x00007ffe53879000 	C:\Program Files\Java\jdk-17.0.5\bin\net.dll
0x00007ffe4f500000 - 0x00007ffe4f60a000 	C:\Windows\SYSTEM32\WINHTTP.dll
0x00007ffe5f070000 - 0x00007ffe5f0da000 	C:\Windows\system32\mswsock.dll
0x00007ffe5f060000 - 0x00007ffe5f068000 	C:\Windows\System32\wship6.dll
0x00007ffe41050000 - 0x00007ffe41066000 	C:\Program Files\Java\jdk-17.0.5\bin\nio.dll
0x00007ffe3c7a0000 - 0x00007ffe3c7ba000 	C:\Program Files\JetBrains\IntelliJ IDEA 2022.2.1\bin\breakgen64.dll
0x00007ffe5d240000 - 0x00007ffe5d248000 	C:\Windows\System32\wshtcpip.dll
0x00007ffe3b9e0000 - 0x00007ffe3ba0d000 	C:\Program Files (x86)\Sangfor\SSL\ClientComponent\1_SangforNspX64.dll
0x00007ffe604c0000 - 0x00007ffe605ea000 	C:\Windows\System32\ole32.dll
0x00007ffe620c0000 - 0x00007ffe6218d000 	C:\Windows\System32\OLEAUT32.dll
0x00007ffe5ed50000 - 0x00007ffe5ee1b000 	C:\Windows\SYSTEM32\DNSAPI.dll
0x00007ffe5ed00000 - 0x00007ffe5ed3c000 	C:\Windows\SYSTEM32\IPHLPAPI.DLL
0x00007ffe620b0000 - 0x00007ffe620b8000 	C:\Windows\System32\NSI.dll
0x00007ffe401f0000 - 0x00007ffe401fa000 	C:\Windows\System32\rasadhlp.dll
0x00007ffe402c0000 - 0x00007ffe40342000 	C:\Windows\System32\fwpuclnt.dll
0x00007ffe5fef0000 - 0x00007ffe5ff17000 	C:\Windows\System32\bcrypt.dll
0x00007ffe56080000 - 0x00007ffe56089000 	C:\Program Files\Java\jdk-17.0.5\bin\management.dll
0x00007ffe55f10000 - 0x00007ffe55f1b000 	C:\Program Files\Java\jdk-17.0.5\bin\management_ext.dll
0x00007ffe5f260000 - 0x00007ffe5f278000 	C:\Windows\SYSTEM32\CRYPTSP.dll
0x00007ffe5e910000 - 0x00007ffe5e944000 	C:\Windows\system32\rsaenh.dll
0x00007ffe5f7b0000 - 0x00007ffe5f7de000 	C:\Windows\SYSTEM32\USERENV.dll
0x00007ffe5f280000 - 0x00007ffe5f28c000 	C:\Windows\SYSTEM32\CRYPTBASE.dll
0x00007ffe51000000 - 0x00007ffe51017000 	C:\Windows\SYSTEM32\dhcpcsvc6.DLL
0x00007ffe51ec0000 - 0x00007ffe51edd000 	C:\Windows\SYSTEM32\dhcpcsvc.DLL
0x00007ffe34f40000 - 0x00007ffe34f57000 	C:\Windows\system32\napinsp.dll
0x00007ffe34f20000 - 0x00007ffe34f3b000 	C:\Windows\system32\pnrpnsp.dll
0x00007ffe34f00000 - 0x00007ffe34f15000 	C:\Windows\system32\wshbth.dll
0x00007ffe573c0000 - 0x00007ffe573dd000 	C:\Windows\system32\NLAapi.dll
0x00007ffe34eb0000 - 0x00007ffe34ec2000 	C:\Windows\System32\winrnr.dll
0x00007ffe565e0000 - 0x00007ffe565f0000 	C:\Program Files\Java\jdk-17.0.5\bin\verify.dll
0x00007ffe54640000 - 0x00007ffe5464e000 	C:\Program Files\Java\jdk-17.0.5\bin\sunmscapi.dll
0x00007ffe5ff20000 - 0x00007ffe6007e000 	C:\Windows\System32\CRYPT32.dll
0x00007ffe5f380000 - 0x00007ffe5f3a8000 	C:\Windows\SYSTEM32\ncrypt.dll
0x00007ffe5f340000 - 0x00007ffe5f37b000 	C:\Windows\SYSTEM32\NTASN1.dll
0x00007ffe125b0000 - 0x00007ffe125b7000 	C:\Windows\system32\wshunix.dll

dbghelp: loaded successfully - version: 4.0.5 - missing functions: none
symbol engine: initialized successfully - sym options: 0x614 - pdb path: .;C:\Program Files\Java\jdk-17.0.5\bin;C:\Windows\SYSTEM32;C:\Windows\WinSxS\amd64_microsoft.windows.common-controls_6595b64144ccf1df_6.0.19041.1110_none_60b5254171f9507e;C:\Program Files\Java\jdk-17.0.5\bin\server;C:\Program Files\JetBrains\IntelliJ IDEA 2022.2.1\bin;C:\Program Files (x86)\Sangfor\SSL\ClientComponent

VM Arguments:
jvm_args: -XX:TieredStopAtLevel=1 -Dspring.output.ansi.enabled=always -Dcom.sun.management.jmxremote -Dspring.jmx.enabled=true -Dspring.liveBeansView.mbeanDomain -Dspring.application.admin.enabled=true -javaagent:C:\Program Files\JetBrains\IntelliJ IDEA 2022.2.1\lib\idea_rt.jar=53980:C:\Program Files\JetBrains\IntelliJ IDEA 2022.2.1\bin -Dfile.encoding=UTF-8 
java_command: com.example.demo.Demo11Application
java_class_path (initial): C:\Users\1\Desktop\demo11\target\classes;C:\Users\1\.m2\repository\org\springframework\boot\spring-boot-starter-web\2.7.12\spring-boot-starter-web-2.7.12.jar;C:\Users\1\.m2\repository\org\springframework\boot\spring-boot-starter\2.7.12\spring-boot-starter-2.7.12.jar;C:\Users\1\.m2\repository\org\springframework\boot\spring-boot\2.7.12\spring-boot-2.7.12.jar;C:\Users\1\.m2\repository\org\springframework\boot\spring-boot-starter-logging\2.7.12\spring-boot-starter-logging-2.7.12.jar;C:\Users\1\.m2\repository\ch\qos\logback\logback-classic\1.2.12\logback-classic-1.2.12.jar;C:\Users\1\.m2\repository\ch\qos\logback\logback-core\1.2.12\logback-core-1.2.12.jar;C:\Users\1\.m2\repository\org\apache\logging\log4j\log4j-to-slf4j\2.17.2\log4j-to-slf4j-2.17.2.jar;C:\Users\1\.m2\repository\org\apache\logging\log4j\log4j-api\2.17.2\log4j-api-2.17.2.jar;C:\Users\1\.m2\repository\org\slf4j\jul-to-slf4j\1.7.36\jul-to-slf4j-1.7.36.jar;C:\Users\1\.m2\repository\jakarta\annotation\jakarta.annotation-api\1.3.5\jakarta.annotation-api-1.3.5.jar;C:\Users\1\.m2\repository\org\yaml\snakeyaml\1.30\snakeyaml-1.30.jar;C:\Users\1\.m2\repository\org\springframework\boot\spring-boot-starter-json\2.7.12\spring-boot-starter-json-2.7.12.jar;C:\Users\1\.m2\repository\com\fasterxml\jackson\core\jackson-databind\2.13.5\jackson-databind-2.13.5.jar;C:\Users\1\.m2\repository\com\fasterxml\jackson\core\jackson-annotations\2.13.5\jackson-annotations-2.13.5.jar;C:\Users\1\.m2\repository\com\fasterxml\jackson\core\jackson-core\2.13.5\jackson-core-2.13.5.jar;C:\Users\1\.m2\repository\com\fasterxml\jackson\datatype\jackson-datatype-jdk8\2.13.5\jackson-datatype-jdk8-2.13.5.jar;C:\Users\1\.m2\repository\com\fasterxml\jackson\datatype\jackson-datatype-jsr310\2.13.5\jackson-datatype-jsr310-2.13.5.jar;C:\Users\1\.m2\repository\com\fasterxml\jackson\module\jackson-module-parameter-names\2.13.5\jackson-module-parameter-names-2.13.5.jar;C:\Users\1\.m2\repository\org\springframework\boot\spring
Launcher Type: SUN_STANDARD

[Global flags]
     intx CICompilerCount                          = 4                                         {product} {ergonomic}
     uint ConcGCThreads                            = 3                                         {product} {ergonomic}
     uint G1ConcRefinementThreads                  = 10                                        {product} {ergonomic}
   size_t G1HeapRegionSize                         = 2097152                                   {product} {ergonomic}
    uintx GCDrainStackTargetSize                   = 64                                        {product} {ergonomic}
   size_t InitialHeapSize                          = 264241152                                 {product} {ergonomic}
     bool ManagementServer                         = true                                      {product} {command line}
   size_t MarkStackSize                            = 4194304                                   {product} {ergonomic}
   size_t MaxHeapSize                              = 4200595456                                {product} {ergonomic}
   size_t MaxNewSize                               = 2518679552                                {product} {ergonomic}
   size_t MinHeapDeltaBytes                        = 2097152                                   {product} {ergonomic}
   size_t MinHeapSize                              = 8388608                                   {product} {ergonomic}
    uintx NonProfiledCodeHeapSize                  = 0                                      {pd product} {ergonomic}
     bool ProfileInterpreter                       = false                                  {pd product} {command line}
    uintx ProfiledCodeHeapSize                     = 0                                      {pd product} {ergonomic}
   size_t SoftMaxHeapSize                          = 4200595456                             {manageable} {ergonomic}
     intx TieredStopAtLevel                        = 1                                         {product} {command line}
     bool UseCompressedClassPointers               = true                           {product lp64_product} {ergonomic}
     bool UseCompressedOops                        = true                           {product lp64_product} {ergonomic}
     bool UseG1GC                                  = true                                      {product} {ergonomic}
     bool UseLargePagesIndividualAllocation        = false                                  {pd product} {ergonomic}

Logging:
Log output configuration:
 #0: stdout all=warning uptime,level,tags
 #1: stderr all=off uptime,level,tags

Environment Variables:
JAVA_HOME=C:\Program Files\Java\jdk1.8.0_341
CLASSPATH=.;C:\Program Files\Java\jdk1.8.0_341\bin;C:\Program Files\Java\jdk1.8.0_341\lib\dt.jar;C:\Program Files\Java\jdk1.8.0_341\lib\tools.jar
PATH=C:\Program Files\Common Files\Oracle\Java\javapath;C:\Program Files (x86)\Common Files\Oracle\Java\javapath;C:\Program Files (x86)\Common Files\Intel\Shared Libraries\redist\intel64\compiler;C:\Windows\system32;C:\Windows;C:\Windows\System32\Wbem;C:\Windows\System32\WindowsPowerShell\v1.0\;C:\Windows\System32\OpenSSH\;C:\Program Files (x86)\NVIDIA Corporation\PhysX\Common;C:\Program Files\Java\jdk1.8.0_341\bin;C:\Program Files\Java\jdk1.8.0_341\jre\bin;C:\Program Files\dotnet\;C:\Program Files\Git\cmd;C:\Program Files\MySQL\MySQL Server 8.0\bin;C:\Program Files\MySQL\MySQL Shell 8.0\bin\;D:\Python\Scripts\;D:\Python\;C:\Users\1\AppData\Local\Microsoft\WindowsApps;;C:\Program Files\JetBrains\IntelliJ IDEA 2022.2.1\bin;;C:\Program Files\JetBrains\DataGrip 2022.2.2\bin;;C:\Users\1\AppData\Local\Programs\Microsoft VS Code\bin;C:\Program Files\JetBrains\PyCharm 2022.2.2\bin;
USERNAME=1
OS=Windows_NT
PROCESSOR_IDENTIFIER=Intel64 Family 6 Model 141 Stepping 1, GenuineIntel



---------------  S Y S T E M  ---------------

OS:
 Windows 10 , 64 bit Build 19041 (10.0.19041.2913)
OS uptime: 0 days 8:48 hours

CPU: total 12 (initial active 12) (6 cores per cpu, 2 threads per core) family 6 model 141 stepping 1 microcode 0x2c, cx8, cmov, fxsr, ht, mmx, 3dnowpref, sse, sse2, sse3, ssse3, sse4.1, sse4.2, popcnt, lzcnt, tsc, tscinvbit, avx, avx2, aes, erms, clmul, bmi1, bmi2, adx, avx512f, avx512dq, avx512cd, avx512bw, avx512vl, sha, fma, vzeroupper, avx512_vpopcntdq, avx512_vpclmulqdq, avx512_vaes, avx512_vnni, clflush, clflushopt, clwb, avx512_vbmi2, avx512_vbmi

Memory: 4k page, system-wide physical 16021M (2478M free)
TotalPageFile size 16021M (AvailPageFile size 59M)
current process WorkingSet (physical memory assigned to process): 180M, peak: 182M
current process commit charge ("private bytes"): 225M, peak: 379M

vm_info: Java HotSpot(TM) 64-Bit Server VM (17.0.5+9-LTS-191) for windows-amd64 JRE (17.0.5+9-LTS-191), built on Sep 13 2022 17:31:43 by "mach5one" with MS VC++ 16.8 / 16.9 (VS2019)

END.
